<?xml version="1.0" encoding="UTF-8"?>
<testsuite xmlns:xsi="http://www.w3.org/2001/XMLSchema-instance" xsi:noNamespaceSchemaLocation="https://maven.apache.org/surefire/maven-failsafe-plugin/xsd/failsafe-test-report-3.0.xsd" version="3.0" name="tpi135_2023.ingenieria.occ.ues.edu.sv.Delivery.boundary.ComercioIT" time="34.79" tests="7" errors="0" skipped="0" failures="0">
  <properties>
[...]
</properties>
  <testcase name="crearTest" classname="tpi135_2023.ingenieria.occ.ues.edu.sv.Delivery.boundary.ComercioIT" time="2.328">
    <system-out><![CDATA[Comercio - lanzarPayara
Comercio - crear
]]></system-out>
    <system-err><![CDATA[[main] INFO org.testcontainers.utility.ImageNameSubstitutor - Image name substitution will be performed by: DefaultImageNameSubstitutor (composite of 'ConfigurationFileImageNameSubstitutor' and 'PrefixingImageNameSubstitutor')
[testcontainers-lifecycle-0] INFO org.testcontainers.dockerclient.DockerClientProviderStrategy - Loaded org.testcontainers.dockerclient.UnixSocketClientProviderStrategy from ~/.testcontainers.properties, will try it first
[testcontainers-lifecycle-0] INFO org.testcontainers.dockerclient.DockerClientProviderStrategy - Found Docker environment with local Unix socket (unix:///var/run/docker.sock)
[testcontainers-lifecycle-0] INFO org.testcontainers.DockerClientFactory - Docker host IP address is localhost
[testcontainers-lifecycle-0] INFO org.testcontainers.DockerClientFactory - Connected to docker: 
  Server Version: 23.0.4
  API Version: 1.42
  Operating System: Fedora Linux 37 (Workstation Edition)
  Total Memory: 7345 MB
[testcontainers-lifecycle-0] INFO 🐳 [testcontainers/ryuk:0.3.4] - Creating container for image: testcontainers/ryuk:0.3.4
[testcontainers-lifecycle-0] INFO org.testcontainers.utility.RegistryAuthLocator - Credential helper/store (docker-credential-desktop) does not have credentials for https://index.docker.io/v1/
[testcontainers-lifecycle-0] INFO 🐳 [testcontainers/ryuk:0.3.4] - Container testcontainers/ryuk:0.3.4 is starting: 9ab043d35fb01bf25f64f1027ece2accef4bcb7ee832d4955b1f6de43b29ba2b
[testcontainers-lifecycle-0] INFO 🐳 [testcontainers/ryuk:0.3.4] - Container testcontainers/ryuk:0.3.4 started in PT1.045689075S
[testcontainers-lifecycle-0] INFO org.testcontainers.utility.RyukResourceReaper - Ryuk started - will monitor and terminate Testcontainers containers on JVM exit
[testcontainers-lifecycle-0] INFO org.testcontainers.DockerClientFactory - Checking the system...
[testcontainers-lifecycle-0] INFO org.testcontainers.DockerClientFactory - ✔︎ Docker server version should be at least 1.6.0
[testcontainers-lifecycle-0] INFO 🐳 [postgres:13] - Creating container for image: postgres:13
[testcontainers-lifecycle-0] INFO 🐳 [postgres:13] - Container postgres:13 is starting: 4925b4c3e152994977018a2faaebf5a618a4de132395dbb1566fc7d44d6de36c
[testcontainers-lifecycle-0] INFO 🐳 [postgres:13] - Container postgres:13 started in PT3.819451862S
[testcontainers-lifecycle-0] INFO org.testcontainers.ext.ScriptUtils - Executing database script from DeliveryDDL.sql
[testcontainers-lifecycle-0] INFO org.testcontainers.ext.ScriptUtils - Executed database script from DeliveryDDL.sql in 332 ms.
[main] INFO 🐳 [payara-cp:latest] - Creating container for image: payara-cp:latest
[main] INFO 🐳 [payara-cp:latest] - Container payara-cp:latest is starting: 2fe10deaac1e97b5fd8bc919ab566780366bbefe87d57fa4afdc20857c405843
[main] INFO 🐳 [payara-cp:latest] - Container payara-cp:latest started in PT23.894304751S
]]></system-err>
  </testcase>
  <testcase name="findByIdTest" classname="tpi135_2023.ingenieria.occ.ues.edu.sv.Delivery.boundary.ComercioIT" time="0.205">
    <system-out><![CDATA[Comercio - findById
]]></system-out>
  </testcase>
  <testcase name="crearTipoComercioTest" classname="tpi135_2023.ingenieria.occ.ues.edu.sv.Delivery.boundary.ComercioIT" time="0.065">
    <system-out><![CDATA[Comercio - crearTipoComercio
]]></system-out>
  </testcase>
  <testcase name="validarTipoVacioTest" classname="tpi135_2023.ingenieria.occ.ues.edu.sv.Delivery.boundary.ComercioIT" time="0.067">
    <system-out><![CDATA[Comercio - validarTipoVacio
]]></system-out>
  </testcase>
  <testcase name="agregarTipoAComercio" classname="tpi135_2023.ingenieria.occ.ues.edu.sv.Delivery.boundary.ComercioIT" time="0.049">
    <system-out><![CDATA[Comercio - agregarTipoAComercio
]]></system-out>
  </testcase>
  <testcase name="validarTipoLlenoTest" classname="tpi135_2023.ingenieria.occ.ues.edu.sv.Delivery.boundary.ComercioIT" time="0.037">
    <system-out><![CDATA[Comercio - validarTipoLleno
]]></system-out>
  </testcase>
  <testcase name="crearSucursalTest" classname="tpi135_2023.ingenieria.occ.ues.edu.sv.Delivery.boundary.ComercioIT" time="0.272">
    <system-out><![CDATA[Comercio - crearSucursal
]]></system-out>
  </testcase>
</testsuite>