<?xml version="1.0" encoding="UTF-8"?>
<testsuite xmlns:xsi="http://www.w3.org/2001/XMLSchema-instance" xsi:noNamespaceSchemaLocation="https://maven.apache.org/surefire/maven-failsafe-plugin/xsd/failsafe-test-report-3.0.xsd" version="3.0" name="tpi135_2023.ingenieria.occ.ues.edu.sv.Delivery.boundary.ComercioIT" time="35.47" tests="6" errors="0" skipped="0" failures="0">
  <properties>
[...]
</properties>
  <testcase name="crearTest" classname="tpi135_2023.ingenieria.occ.ues.edu.sv.Delivery.boundary.ComercioIT" time="2.334">
    <system-out><![CDATA[Comercio - lanzarPayara
Comercio - crear
]]></system-out>
    <system-err><![CDATA[[main] INFO org.testcontainers.utility.ImageNameSubstitutor - Image name substitution will be performed by: DefaultImageNameSubstitutor (composite of 'ConfigurationFileImageNameSubstitutor' and 'PrefixingImageNameSubstitutor')
[testcontainers-lifecycle-0] INFO org.testcontainers.dockerclient.DockerClientProviderStrategy - Loaded org.testcontainers.dockerclient.NpipeSocketClientProviderStrategy from ~/.testcontainers.properties, will try it first
[testcontainers-lifecycle-0] INFO org.testcontainers.dockerclient.DockerClientProviderStrategy - Found Docker environment with local Npipe socket (npipe:////./pipe/docker_engine)
[testcontainers-lifecycle-0] INFO org.testcontainers.DockerClientFactory - Docker host IP address is localhost
[testcontainers-lifecycle-0] INFO org.testcontainers.DockerClientFactory - Connected to docker: 
  Server Version: 20.10.24
  API Version: 1.41
  Operating System: Docker Desktop
  Total Memory: 3876 MB
[testcontainers-lifecycle-0] INFO docker[testcontainers/ryuk:0.3.4] - Creating container for image: testcontainers/ryuk:0.3.4
[testcontainers-lifecycle-0] INFO org.testcontainers.utility.RegistryAuthLocator - Credential helper/store (docker-credential-desktop) does not have credentials for https://index.docker.io/v1/
[testcontainers-lifecycle-0] INFO docker[testcontainers/ryuk:0.3.4] - Container testcontainers/ryuk:0.3.4 is starting: 4ce765b75c5ba9c68d7aabbffc820404bc7593cd42dd1e986e13d27c60a85504
[testcontainers-lifecycle-0] INFO docker[testcontainers/ryuk:0.3.4] - Container testcontainers/ryuk:0.3.4 started in PT1.058042S
[testcontainers-lifecycle-0] INFO org.testcontainers.utility.RyukResourceReaper - Ryuk started - will monitor and terminate Testcontainers containers on JVM exit
[testcontainers-lifecycle-0] INFO org.testcontainers.DockerClientFactory - Checking the system...
[testcontainers-lifecycle-0] INFO org.testcontainers.DockerClientFactory - ✔︎ Docker server version should be at least 1.6.0
[testcontainers-lifecycle-0] INFO docker[postgres:13] - Creating container for image: postgres:13
[testcontainers-lifecycle-0] INFO docker[postgres:13] - Container postgres:13 is starting: d0b203bf7f87d4585d7d025f15c9653b9eb4549ddf6c5c8216d6b50567f5b45b
[testcontainers-lifecycle-0] INFO docker[postgres:13] - Container postgres:13 started in PT2.0764467S
[testcontainers-lifecycle-0] INFO org.testcontainers.ext.ScriptUtils - Executing database script from DeliveryDDL.sql
[testcontainers-lifecycle-0] INFO org.testcontainers.ext.ScriptUtils - Executed database script from DeliveryDDL.sql in 453 ms.
[main] INFO docker[payara-cp:latest] - Creating container for image: payara-cp:latest
[main] INFO docker[payara-cp:latest] - Container payara-cp:latest is starting: 8ddf0ebd915a6b99fb77aef2c413a565a3998bfcf0543c400bab561c51ee7f8e
[main] INFO docker[payara-cp:latest] - Container payara-cp:latest started in PT24.0446709S
]]></system-err>
  </testcase>
  <testcase name="findByIdTest" classname="tpi135_2023.ingenieria.occ.ues.edu.sv.Delivery.boundary.ComercioIT" time="0.178">
    <system-out><![CDATA[Comercio - findById
]]></system-out>
  </testcase>
  <testcase name="crearTipoComercioTest" classname="tpi135_2023.ingenieria.occ.ues.edu.sv.Delivery.boundary.ComercioIT" time="0.07">
    <system-out><![CDATA[Comercio - crearTipoComercio
]]></system-out>
  </testcase>
  <testcase name="validarTipoVacioTest" classname="tpi135_2023.ingenieria.occ.ues.edu.sv.Delivery.boundary.ComercioIT" time="0.074">
    <system-out><![CDATA[Comercio - validarTipoVacio
]]></system-out>
  </testcase>
  <testcase name="agregarTipoAComercio" classname="tpi135_2023.ingenieria.occ.ues.edu.sv.Delivery.boundary.ComercioIT" time="0.079">
    <system-out><![CDATA[Comercio - agregarTipoAComercio
]]></system-out>
  </testcase>
  <testcase name="validarTipoLlenoTest" classname="tpi135_2023.ingenieria.occ.ues.edu.sv.Delivery.boundary.ComercioIT" time="0.037">
    <system-out><![CDATA[Comercio - validarTipoLleno
]]></system-out>
  </testcase>
</testsuite>